
**** Build of configuration Nios II for project custom ****

make all 
      1 [main] sh 17976 find_fast_cwd: WARNING: Couldn't compute FAST_CWD pointer.  Please report this problem to
the public mailing list cygwin@cygwin.com
      1 [main] sh 20812 find_fast_cwd: WARNING: Couldn't compute FAST_CWD pointer.  Please report this problem to
the public mailing list cygwin@cygwin.com
      1 [main] echo 17736 find_fast_cwd: WARNING: Couldn't compute FAST_CWD pointer.  Please report this problem to
Info: Building ../custom_bsp/
the public mailing list cygwin@cygwin.com
make --no-print-directory -C ../custom_bsp/
      2 [main] pwd 15536 find_fast_cwd: WARNING: Couldn't compute FAST_CWD pointer.  Please report this problem to
the public mailing list cygwin@cygwin.com
      1 [main] sh 4696 find_fast_cwd: WARNING: Couldn't compute FAST_CWD pointer.  Please report this problem to
the public mailing list cygwin@cygwin.com
      1 [main] sh 4076 find_fast_cwd: WARNING: Couldn't compute FAST_CWD pointer.  Please report this problem to
the public mailing list cygwin@cygwin.com
[BSP build complete]
      1 [main] echo 2788 find_fast_cwd: WARNING: Couldn't compute FAST_CWD pointer.  Please report this problem to
the public mailing list cygwin@cygwin.com
Info: Compiling ci_crc.c to obj/default/ci_crc.o
      1 [main] mkdir 17720 find_fast_cwd: WARNING: Couldn't compute FAST_CWD pointer.  Please report this problem to
nios2-elf-gcc -xc -MP -MMD -c -I../custom_bsp//HAL/inc -I../custom_bsp/ -I../custom_bsp//drivers/inc  -DSYSTEM_BUS_WIDTH=32 -pipe -D__hal__ -DALT_NO_INSTRUCTION_EMULATION -DALT_SINGLE_THREADED    -O0 -g -Wall   -EL -mno-hw-div -mno-hw-mul -mno-hw-mulx  -o obj/default/ci_crc.o ci_crc.c
the public mailing list cygwin@cygwin.com
ci_crc.c: In function 'crcCI':
ci_crc.c:63: error: 'ALT_CI_CRC_N' undeclared (first use in this function)
ci_crc.c:63: error: (Each undeclared identifier is reported only once
ci_crc.c:63: error: for each function it appears in.)
make: *** [obj/default/ci_crc.o] Error 1

**** Build Finished ****
