Info: Starting: Create block symbol file (.bsf)
Info: ip-generate --project-directory=E:/Semester_06/CO503_Advanced_Embedded_Systems/Practicals/Practical_2_Processor_Customizations/CustomProcessor/ --output-directory=E:/Semester_06/CO503_Advanced_Embedded_Systems/Practicals/Practical_2_Processor_Customizations/CustomProcessor/Decoder/ --report-file=bsf:E:/Semester_06/CO503_Advanced_Embedded_Systems/Practicals/Practical_2_Processor_Customizations/CustomProcessor/Decoder.bsf --system-info=DEVICE_FAMILY="Cyclone IV E" --system-info=DEVICE=EP4CE115F29C7 --system-info=DEVICE_SPEEDGRADE=7 --component-file=E:/Semester_06/CO503_Advanced_Embedded_Systems/Practicals/Practical_2_Processor_Customizations/CustomProcessor/Decoder.qsys
Progress: Loading CustomProcessor/Decoder.qsys
Progress: Reading input file
Progress: Adding sdramController [altera_avalon_new_sdram_controller 12.1]
Progress: Parameterizing module sdramController
Progress: Adding cpu [altera_nios2_qsys 12.1]
Progress: Parameterizing module cpu
Progress: Adding jtag_uart [altera_avalon_jtag_uart 12.1]
Progress: Parameterizing module jtag_uart
Progress: Adding altpll [altpll 12.1]
Progress: Parameterizing module altpll
Progress: Adding timer [altera_avalon_timer 12.1]
Progress: Parameterizing module timer
Progress: Adding sysid [altera_avalon_sysid_qsys 12.1]
Progress: Parameterizing module sysid
Progress: Adding led_out [altera_avalon_pio 12.1]
Progress: Parameterizing module led_out
Progress: Adding mm_clock_crossing_bridge_0 [altera_avalon_mm_clock_crossing_bridge 12.1]
Progress: Parameterizing module mm_clock_crossing_bridge_0
Progress: Adding clk [clock_source 12.1]
Progress: Parameterizing module clk
Progress: Adding high_resolution_timer [altera_avalon_timer 12.1]
Progress: Parameterizing module high_resolution_timer
Progress: Adding crc [CRC_CUSTOM 1.0]
Progress: Parameterizing module crc
Progress: Building connections
Progress: Parameterizing connections
Progress: Validating
Progress: Done reading input file
Info: Decoder.sysid: System ID is not assigned automatically. Edit the System ID parameter to provide a unique ID
Info: Decoder.sysid: Time stamp will be automatically updated when this component is generated.
Warning: Decoder.altpll: altpll.areset_conduit must be exported, or connected to a matching conduit.
Warning: Decoder.altpll: altpll.locked_conduit must be exported, or connected to a matching conduit.
Warning: Decoder.altpll: altpll.phasedone_conduit must be exported, or connected to a matching conduit.
Info: ip-generate succeeded.
Info: Finished: Create block symbol file (.bsf)
Info: 
Info: Starting: Create HDL design files for synthesis
Info: ip-generate --project-directory=E:/Semester_06/CO503_Advanced_Embedded_Systems/Practicals/Practical_2_Processor_Customizations/CustomProcessor/ --output-directory=E:/Semester_06/CO503_Advanced_Embedded_Systems/Practicals/Practical_2_Processor_Customizations/CustomProcessor/Decoder/synthesis/ --file-set=QUARTUS_SYNTH --report-file=sopcinfo:E:/Semester_06/CO503_Advanced_Embedded_Systems/Practicals/Practical_2_Processor_Customizations/CustomProcessor/Decoder.sopcinfo --report-file=html:E:/Semester_06/CO503_Advanced_Embedded_Systems/Practicals/Practical_2_Processor_Customizations/CustomProcessor/Decoder.html --report-file=qip:E:/Semester_06/CO503_Advanced_Embedded_Systems/Practicals/Practical_2_Processor_Customizations/CustomProcessor/Decoder/synthesis/Decoder.qip --report-file=cmp:E:/Semester_06/CO503_Advanced_Embedded_Systems/Practicals/Practical_2_Processor_Customizations/CustomProcessor/Decoder.cmp --system-info=DEVICE_FAMILY="Cyclone IV E" --system-info=DEVICE=EP4CE115F29C7 --system-info=DEVICE_SPEEDGRADE=7 --component-file=E:/Semester_06/CO503_Advanced_Embedded_Systems/Practicals/Practical_2_Processor_Customizations/CustomProcessor/Decoder.qsys
Progress: Loading CustomProcessor/Decoder.qsys
Progress: Reading input file
Progress: Adding sdramController [altera_avalon_new_sdram_controller 12.1]
Progress: Parameterizing module sdramController
Progress: Adding cpu [altera_nios2_qsys 12.1]
Progress: Parameterizing module cpu
Progress: Adding jtag_uart [altera_avalon_jtag_uart 12.1]
Progress: Parameterizing module jtag_uart
Progress: Adding altpll [altpll 12.1]
Progress: Parameterizing module altpll
Progress: Adding timer [altera_avalon_timer 12.1]
Progress: Parameterizing module timer
Progress: Adding sysid [altera_avalon_sysid_qsys 12.1]
Progress: Parameterizing module sysid
Progress: Adding led_out [altera_avalon_pio 12.1]
Progress: Parameterizing module led_out
Progress: Adding mm_clock_crossing_bridge_0 [altera_avalon_mm_clock_crossing_bridge 12.1]
Progress: Parameterizing module mm_clock_crossing_bridge_0
Progress: Adding clk [clock_source 12.1]
Progress: Parameterizing module clk
Progress: Adding high_resolution_timer [altera_avalon_timer 12.1]
Progress: Parameterizing module high_resolution_timer
Progress: Adding crc [CRC_CUSTOM 1.0]
Progress: Parameterizing module crc
Progress: Building connections
Progress: Parameterizing connections
Progress: Validating
Progress: Done reading input file
Info: Decoder.sysid: System ID is not assigned automatically. Edit the System ID parameter to provide a unique ID
Info: Decoder.sysid: Time stamp will be automatically updated when this component is generated.
Warning: Decoder.altpll: altpll.areset_conduit must be exported, or connected to a matching conduit.
Warning: Decoder.altpll: altpll.locked_conduit must be exported, or connected to a matching conduit.
Warning: Decoder.altpll: altpll.phasedone_conduit must be exported, or connected to a matching conduit.
Info: Decoder: Generating Decoder "Decoder" for QUARTUS_SYNTH
Info: pipeline_bridge_swap_transform: After transform: 11 modules, 43 connections
Info: merlin_custom_instruction_transform: After transform: 14 modules, 46 connections
Info: merlin_translator_transform: After transform: 26 modules, 92 connections
Info: merlin_domain_transform: After transform: 50 modules, 242 connections
Info: merlin_router_transform: After transform: 62 modules, 288 connections
Info: merlin_traffic_limiter_transform: After transform: 64 modules, 297 connections
Info: reset_adaptation_transform: After transform: 69 modules, 252 connections
Info: merlin_network_to_switch_transform: After transform: 91 modules, 298 connections
Info: Inserting clock-crossing logic between cmd_xbar_demux_001.src4 and cmd_xbar_mux_004.sink0
Info: Inserting clock-crossing logic between rsp_xbar_demux_004.src0 and rsp_xbar_mux_001.sink4
Info: com_altera_sopcmodel_transforms_avalon_ClockCrossingTransform: After transform: 93 modules, 308 connections
Info: limiter_update_transform: After transform: 93 modules, 310 connections
Info: merlin_interrupt_mapper_transform: After transform: 94 modules, 313 connections
Info: merlin_interrupt_sync_transform: After transform: 96 modules, 323 connections
Warning: Decoder: "No matching role found for cpu_custom_instruction_master_translator:ci_slave:ci_slave_result (result)"
Warning: Decoder: "No matching role found for cpu_custom_instruction_master_multi_xconnect:ci_slave:ci_slave_ipending (ipending)"
Warning: Decoder: "No matching role found for cpu_custom_instruction_master_multi_xconnect:ci_slave:ci_slave_estatus (estatus)"
Info: Starting classic module elaboration.
      2 [main] sh 11480 find_fast_cwd: WARNING: Couldn't compute FAST_CWD pointer.  Please report this problem to
the public mailing list cygwin@cygwin.com
Qt: Untested Windows version 6.2 detected!
"c:/altera/12.1/quartus/bin/jre/bin/java.exe" -Xmx512M -classpath "c:/altera/12.1/quartus/sopc_builder/bin/sopc_builder.jar;c:/altera/12.1/quartus/sopc_builder/bin/PinAssigner.jar;c:/altera/12.1/quartus/sopc_builder/bin/sopc_wizard.jar;c:/altera/12.1/quartus/sopc_builder/bin/jptf.jar" sopc_builder.sopc_builder  -d"c:/altera/12.1/quartus/sopc_builder" -notalkback=1 -projectnameyysystem.qpf -projectpathC:/Users/sandun/AppData/Local/Temp/alt9045_2410864199758567357.dir/0001_sopclgen  --no_splash --refresh C:/Users/sandun/AppData/Local/Temp/alt9045_2410864199758567357.dir/0001_sopclgen/yysystem.v --quartus_dir="c:/altera/12.1/quartus" --sopc_perl="c:/altera/12.1/quartus/bin/perl" --sopc_lib_path="++c:/altera/12.1/quartus/../ip/altera/sopc_builder_ip+c:/altera/12.1/quartus/../ip/altera/nios2_ip"
Info: Finished elaborating classic module.
Executing: C:/altera/12.1/quartus//sopc_builder/bin/sopc_builder --classic --generate C:/Users/sandun/AppData/Local/Temp/alt9045_2410864199758567357.dir/0001_sopclgen/yysystem.ptf
Info: Running sopc_builder...
      6 [main] sh 20580 find_fast_cwd: WARNING: Couldn't compute FAST_CWD pointer.  Please report this problem to
the public mailing list cygwin@cygwin.com
Qt: Untested Windows version 6.2 detected!
"c:/altera/12.1/quartus/bin/jre/bin/java.exe" -Xmx512M -classpath "c:/altera/12.1/quartus/sopc_builder/bin/sopc_builder.jar;c:/altera/12.1/quartus/sopc_builder/bin/PinAssigner.jar;c:/altera/12.1/quartus/sopc_builder/bin/sopc_wizard.jar;c:/altera/12.1/quartus/sopc_builder/bin/jptf.jar" sopc_builder.sopc_builder  -d"c:/altera/12.1/quartus/sopc_builder" -notalkback=1 -projectnameyysystem.qpf -projectpathC:/Users/sandun/AppData/Local/Temp/alt9045_2410864199758567357.dir/0001_sopclgen  --generate C:/Users/sandun/AppData/Local/Temp/alt9045_2410864199758567357.dir/0001_sopclgen/yysystem.v --quartus_dir="c:/altera/12.1/quartus" --sopc_perl="c:/altera/12.1/quartus/bin/perl" --sopc_lib_path="++c:/altera/12.1/quartus/../ip/altera/sopc_builder_ip+c:/altera/12.1/quartus/../ip/altera/nios2_ip"
No .sopc_builder configuration file(!)
.
.
# 2022.02.22 21:40:57 (*) Running Test Generator Program for Decoder_sdramController
# 2022.02.22 21:40:59 (*) Success: sopc_builder finished.
Info: sdramController: "Decoder" instantiated altera_avalon_new_sdram_controller "sdramController"
Info: cpu: Starting RTL generation for module 'Decoder_cpu'
Info: cpu:   Generation command is [exec C:/altera/12.1/quartus/../ip/altera/nios2_ip/altera_nios2/eperl.exe -I C:/altera/12.1/quartus/common/ip/altera/common/perl/5.8.3 -I C:/altera/12.1/quartus/sopc_builder/bin/europa -I C:/altera/12.1/quartus/sopc_builder/bin/perl_lib -I C:/altera/12.1/quartus/sopc_builder/bin -I C:/altera/12.1/quartus/../ip/altera/nios2_ip/altera_nios2/cpu_lib -I C:/altera/12.1/quartus/../ip/altera/nios2_ip/altera_nios2/nios_lib -I C:/altera/12.1/quartus/../ip/altera/nios2_ip/altera_nios2 -I C:/altera/12.1/quartus/../ip/altera/nios2_ip/altera_nios2 -- C:/altera/12.1/quartus/../ip/altera/nios2_ip/altera_nios2/generate_rtl.epl --name=Decoder_cpu --dir=C:/Users/sandun/AppData/Local/Temp/alt9045_2410864199758567357.dir/0002_cpu_gen/ --quartus_dir=C:/altera/12.1/quartus --verilog --config=C:/Users/sandun/AppData/Local/Temp/alt9045_2410864199758567357.dir/0002_cpu_gen//Decoder_cpu_processor_configuration.pl  --do_build_sim=0    --bogus  ]
Info: cpu: # 2022.02.22 21:41:01 (*) Starting Nios II generation
Info: cpu: # 2022.02.22 21:41:01 (*)   Checking for plaintext license.
Info: cpu: # 2022.02.22 21:41:01 (*)   Plaintext license not found.
Info: cpu: # 2022.02.22 21:41:01 (*)   Checking for encrypted license (non-evaluation).
Info: cpu: # 2022.02.22 21:41:02 (*)   Encrypted license not found.  Defaulting to OCP evaluation license (produces a time-limited SOF)
Info: cpu: # 2022.02.22 21:41:02 (*)   Elaborating CPU configuration settings
Info: cpu: # 2022.02.22 21:41:02 (*)   Creating all objects for CPU
Info: cpu: # 2022.02.22 21:41:04 (*)     Pipeline frontend
Info: cpu: # 2022.02.22 21:41:05 (*)   Generating RTL from CPU objects
Info: cpu: # 2022.02.22 21:41:09 (*)   Creating encrypted RTL
Info: cpu: # 2022.02.22 21:41:10 (*) Done Nios II generation
Info: cpu: Done RTL generation for module 'Decoder_cpu'
Info: cpu: "Decoder" instantiated altera_nios2_qsys "cpu"
Info: Starting classic module elaboration.
      3 [main] sh 15060 find_fast_cwd: WARNING: Couldn't compute FAST_CWD pointer.  Please report this problem to
the public mailing list cygwin@cygwin.com
Qt: Untested Windows version 6.2 detected!
"c:/altera/12.1/quartus/bin/jre/bin/java.exe" -Xmx512M -classpath "c:/altera/12.1/quartus/sopc_builder/bin/sopc_builder.jar;c:/altera/12.1/quartus/sopc_builder/bin/PinAssigner.jar;c:/altera/12.1/quartus/sopc_builder/bin/sopc_wizard.jar;c:/altera/12.1/quartus/sopc_builder/bin/jptf.jar" sopc_builder.sopc_builder  -d"c:/altera/12.1/quartus/sopc_builder" -notalkback=1 -projectnameyysystem.qpf -projectpathC:/Users/sandun/AppData/Local/Temp/alt9045_2410864199758567357.dir/0003_sopclgen  --no_splash --refresh C:/Users/sandun/AppData/Local/Temp/alt9045_2410864199758567357.dir/0003_sopclgen/yysystem.v --quartus_dir="c:/altera/12.1/quartus" --sopc_perl="c:/altera/12.1/quartus/bin/perl" --sopc_lib_path="++c:/altera/12.1/quartus/../ip/altera/sopc_builder_ip+c:/altera/12.1/quartus/../ip/altera/nios2_ip"
Info: Finished elaborating classic module.
Executing: C:/altera/12.1/quartus//sopc_builder/bin/sopc_builder --classic --generate C:/Users/sandun/AppData/Local/Temp/alt9045_2410864199758567357.dir/0003_sopclgen/yysystem.ptf
Info: Running sopc_builder...
      5 [main] sh 19996 find_fast_cwd: WARNING: Couldn't compute FAST_CWD pointer.  Please report this problem to
the public mailing list cygwin@cygwin.com
Qt: Untested Windows version 6.2 detected!
"c:/altera/12.1/quartus/bin/jre/bin/java.exe" -Xmx512M -classpath "c:/altera/12.1/quartus/sopc_builder/bin/sopc_builder.jar;c:/altera/12.1/quartus/sopc_builder/bin/PinAssigner.jar;c:/altera/12.1/quartus/sopc_builder/bin/sopc_wizard.jar;c:/altera/12.1/quartus/sopc_builder/bin/jptf.jar" sopc_builder.sopc_builder  -d"c:/altera/12.1/quartus/sopc_builder" -notalkback=1 -projectnameyysystem.qpf -projectpathC:/Users/sandun/AppData/Local/Temp/alt9045_2410864199758567357.dir/0003_sopclgen  --generate C:/Users/sandun/AppData/Local/Temp/alt9045_2410864199758567357.dir/0003_sopclgen/yysystem.v --quartus_dir="c:/altera/12.1/quartus" --sopc_perl="c:/altera/12.1/quartus/bin/perl" --sopc_lib_path="++c:/altera/12.1/quartus/../ip/altera/sopc_builder_ip+c:/altera/12.1/quartus/../ip/altera/nios2_ip"
No .sopc_builder configuration file(!)
.
# 2022.02.22 21:41:22 (*) Success: sopc_builder finished.
Info: jtag_uart: "Decoder" instantiated altera_avalon_jtag_uart "jtag_uart"
Info: altpll: "Decoder" instantiated altpll "altpll"
Info: Starting classic module elaboration.
      3 [main] sh 16024 find_fast_cwd: WARNING: Couldn't compute FAST_CWD pointer.  Please report this problem to
the public mailing list cygwin@cygwin.com
Qt: Untested Windows version 6.2 detected!
"c:/altera/12.1/quartus/bin/jre/bin/java.exe" -Xmx512M -classpath "c:/altera/12.1/quartus/sopc_builder/bin/sopc_builder.jar;c:/altera/12.1/quartus/sopc_builder/bin/PinAssigner.jar;c:/altera/12.1/quartus/sopc_builder/bin/sopc_wizard.jar;c:/altera/12.1/quartus/sopc_builder/bin/jptf.jar" sopc_builder.sopc_builder  -d"c:/altera/12.1/quartus/sopc_builder" -notalkback=1 -projectnameyysystem.qpf -projectpathC:/Users/sandun/AppData/Local/Temp/alt9045_2410864199758567357.dir/0006_sopclgen  --no_splash --refresh C:/Users/sandun/AppData/Local/Temp/alt9045_2410864199758567357.dir/0006_sopclgen/yysystem.v --quartus_dir="c:/altera/12.1/quartus" --sopc_perl="c:/altera/12.1/quartus/bin/perl" --sopc_lib_path="++c:/altera/12.1/quartus/../ip/altera/sopc_builder_ip+c:/altera/12.1/quartus/../ip/altera/nios2_ip"
Info: Finished elaborating classic module.
Executing: C:/altera/12.1/quartus//sopc_builder/bin/sopc_builder --classic --generate C:/Users/sandun/AppData/Local/Temp/alt9045_2410864199758567357.dir/0006_sopclgen/yysystem.ptf
Info: Running sopc_builder...
      5 [main] sh 6620 find_fast_cwd: WARNING: Couldn't compute FAST_CWD pointer.  Please report this problem to
the public mailing list cygwin@cygwin.com
Qt: Untested Windows version 6.2 detected!
"c:/altera/12.1/quartus/bin/jre/bin/java.exe" -Xmx512M -classpath "c:/altera/12.1/quartus/sopc_builder/bin/sopc_builder.jar;c:/altera/12.1/quartus/sopc_builder/bin/PinAssigner.jar;c:/altera/12.1/quartus/sopc_builder/bin/sopc_wizard.jar;c:/altera/12.1/quartus/sopc_builder/bin/jptf.jar" sopc_builder.sopc_builder  -d"c:/altera/12.1/quartus/sopc_builder" -notalkback=1 -projectnameyysystem.qpf -projectpathC:/Users/sandun/AppData/Local/Temp/alt9045_2410864199758567357.dir/0006_sopclgen  --generate C:/Users/sandun/AppData/Local/Temp/alt9045_2410864199758567357.dir/0006_sopclgen/yysystem.v --quartus_dir="c:/altera/12.1/quartus" --sopc_perl="c:/altera/12.1/quartus/bin/perl" --sopc_lib_path="++c:/altera/12.1/quartus/../ip/altera/sopc_builder_ip+c:/altera/12.1/quartus/../ip/altera/nios2_ip"
No .sopc_builder configuration file(!)
.
# 2022.02.22 21:41:38 (*) Success: sopc_builder finished.
Info: timer: "Decoder" instantiated altera_avalon_timer "timer"
Info: sysid: "Decoder" instantiated altera_avalon_sysid_qsys "sysid"
Info: Starting classic module elaboration.
      2 [main] sh 19440 find_fast_cwd: WARNING: Couldn't compute FAST_CWD pointer.  Please report this problem to
the public mailing list cygwin@cygwin.com
Qt: Untested Windows version 6.2 detected!
"c:/altera/12.1/quartus/bin/jre/bin/java.exe" -Xmx512M -classpath "c:/altera/12.1/quartus/sopc_builder/bin/sopc_builder.jar;c:/altera/12.1/quartus/sopc_builder/bin/PinAssigner.jar;c:/altera/12.1/quartus/sopc_builder/bin/sopc_wizard.jar;c:/altera/12.1/quartus/sopc_builder/bin/jptf.jar" sopc_builder.sopc_builder  -d"c:/altera/12.1/quartus/sopc_builder" -notalkback=1 -projectnameyysystem.qpf -projectpathC:/Users/sandun/AppData/Local/Temp/alt9045_2410864199758567357.dir/0008_sopclgen  --no_splash --refresh C:/Users/sandun/AppData/Local/Temp/alt9045_2410864199758567357.dir/0008_sopclgen/yysystem.v --quartus_dir="c:/altera/12.1/quartus" --sopc_perl="c:/altera/12.1/quartus/bin/perl" --sopc_lib_path="++c:/altera/12.1/quartus/../ip/altera/sopc_builder_ip+c:/altera/12.1/quartus/../ip/altera/nios2_ip"
Info: Finished elaborating classic module.
Executing: C:/altera/12.1/quartus//sopc_builder/bin/sopc_builder --classic --generate C:/Users/sandun/AppData/Local/Temp/alt9045_2410864199758567357.dir/0008_sopclgen/yysystem.ptf
Info: Running sopc_builder...
      5 [main] sh 15228 find_fast_cwd: WARNING: Couldn't compute FAST_CWD pointer.  Please report this problem to
the public mailing list cygwin@cygwin.com
Qt: Untested Windows version 6.2 detected!
"c:/altera/12.1/quartus/bin/jre/bin/java.exe" -Xmx512M -classpath "c:/altera/12.1/quartus/sopc_builder/bin/sopc_builder.jar;c:/altera/12.1/quartus/sopc_builder/bin/PinAssigner.jar;c:/altera/12.1/quartus/sopc_builder/bin/sopc_wizard.jar;c:/altera/12.1/quartus/sopc_builder/bin/jptf.jar" sopc_builder.sopc_builder  -d"c:/altera/12.1/quartus/sopc_builder" -notalkback=1 -projectnameyysystem.qpf -projectpathC:/Users/sandun/AppData/Local/Temp/alt9045_2410864199758567357.dir/0008_sopclgen  --generate C:/Users/sandun/AppData/Local/Temp/alt9045_2410864199758567357.dir/0008_sopclgen/yysystem.v --quartus_dir="c:/altera/12.1/quartus" --sopc_perl="c:/altera/12.1/quartus/bin/perl" --sopc_lib_path="++c:/altera/12.1/quartus/../ip/altera/sopc_builder_ip+c:/altera/12.1/quartus/../ip/altera/nios2_ip"
No .sopc_builder configuration file(!)
.
# 2022.02.22 21:41:51 (*) Success: sopc_builder finished.
Info: led_out: "Decoder" instantiated altera_avalon_pio "led_out"
Info: mm_clock_crossing_bridge_0: "Decoder" instantiated altera_avalon_mm_clock_crossing_bridge "mm_clock_crossing_bridge_0"
Info: Starting classic module elaboration.
      2 [main] sh 10836 find_fast_cwd: WARNING: Couldn't compute FAST_CWD pointer.  Please report this problem to
the public mailing list cygwin@cygwin.com
Qt: Untested Windows version 6.2 detected!
"c:/altera/12.1/quartus/bin/jre/bin/java.exe" -Xmx512M -classpath "c:/altera/12.1/quartus/sopc_builder/bin/sopc_builder.jar;c:/altera/12.1/quartus/sopc_builder/bin/PinAssigner.jar;c:/altera/12.1/quartus/sopc_builder/bin/sopc_wizard.jar;c:/altera/12.1/quartus/sopc_builder/bin/jptf.jar" sopc_builder.sopc_builder  -d"c:/altera/12.1/quartus/sopc_builder" -notalkback=1 -projectnameyysystem.qpf -projectpathC:/Users/sandun/AppData/Local/Temp/alt9045_2410864199758567357.dir/0009_sopclgen  --no_splash --refresh C:/Users/sandun/AppData/Local/Temp/alt9045_2410864199758567357.dir/0009_sopclgen/yysystem.v --quartus_dir="c:/altera/12.1/quartus" --sopc_perl="c:/altera/12.1/quartus/bin/perl" --sopc_lib_path="++c:/altera/12.1/quartus/../ip/altera/sopc_builder_ip+c:/altera/12.1/quartus/../ip/altera/nios2_ip"
Info: Finished elaborating classic module.
Executing: C:/altera/12.1/quartus//sopc_builder/bin/sopc_builder --classic --generate C:/Users/sandun/AppData/Local/Temp/alt9045_2410864199758567357.dir/0009_sopclgen/yysystem.ptf
Info: Running sopc_builder...
      5 [main] sh 13000 find_fast_cwd: WARNING: Couldn't compute FAST_CWD pointer.  Please report this problem to
the public mailing list cygwin@cygwin.com
Qt: Untested Windows version 6.2 detected!
"c:/altera/12.1/quartus/bin/jre/bin/java.exe" -Xmx512M -classpath "c:/altera/12.1/quartus/sopc_builder/bin/sopc_builder.jar;c:/altera/12.1/quartus/sopc_builder/bin/PinAssigner.jar;c:/altera/12.1/quartus/sopc_builder/bin/sopc_wizard.jar;c:/altera/12.1/quartus/sopc_builder/bin/jptf.jar" sopc_builder.sopc_builder  -d"c:/altera/12.1/quartus/sopc_builder" -notalkback=1 -projectnameyysystem.qpf -projectpathC:/Users/sandun/AppData/Local/Temp/alt9045_2410864199758567357.dir/0009_sopclgen  --generate C:/Users/sandun/AppData/Local/Temp/alt9045_2410864199758567357.dir/0009_sopclgen/yysystem.v --quartus_dir="c:/altera/12.1/quartus" --sopc_perl="c:/altera/12.1/quartus/bin/perl" --sopc_lib_path="++c:/altera/12.1/quartus/../ip/altera/sopc_builder_ip+c:/altera/12.1/quartus/../ip/altera/nios2_ip"
No .sopc_builder configuration file(!)
.
# 2022.02.22 21:42:03 (*) Success: sopc_builder finished.
Info: high_resolution_timer: "Decoder" instantiated altera_avalon_timer "high_resolution_timer"
Info: crc: "Decoder" instantiated CRC_CUSTOM "crc"
Info: cpu_custom_instruction_master_translator: "Decoder" instantiated altera_customins_master_translator "cpu_custom_instruction_master_translator"
Info: cpu_custom_instruction_master_multi_xconnect: "Decoder" instantiated altera_customins_xconnect "cpu_custom_instruction_master_multi_xconnect"
Info: cpu_custom_instruction_master_multi_slave_translator0: "Decoder" instantiated altera_customins_slave_translator "cpu_custom_instruction_master_multi_slave_translator0"
Info: cpu_instruction_master_translator: "Decoder" instantiated altera_merlin_master_translator "cpu_instruction_master_translator"
Info: sdramController_s1_translator: "Decoder" instantiated altera_merlin_slave_translator "sdramController_s1_translator"
Info: cpu_instruction_master_translator_avalon_universal_master_0_agent: "Decoder" instantiated altera_merlin_master_agent "cpu_instruction_master_translator_avalon_universal_master_0_agent"
Info: sdramController_s1_translator_avalon_universal_slave_0_agent: "Decoder" instantiated altera_merlin_slave_agent "sdramController_s1_translator_avalon_universal_slave_0_agent"
Info: sdramController_s1_translator_avalon_universal_slave_0_agent_rsp_fifo: "Decoder" instantiated altera_avalon_sc_fifo "sdramController_s1_translator_avalon_universal_slave_0_agent_rsp_fifo"
Info: addr_router: "Decoder" instantiated altera_merlin_router "addr_router"
Info: addr_router_001: "Decoder" instantiated altera_merlin_router "addr_router_001"
Info: id_router: "Decoder" instantiated altera_merlin_router "id_router"
Info: id_router_002: "Decoder" instantiated altera_merlin_router "id_router_002"
Info: addr_router_002: "Decoder" instantiated altera_merlin_router "addr_router_002"
Info: id_router_006: "Decoder" instantiated altera_merlin_router "id_router_006"
Info: limiter: "Decoder" instantiated altera_merlin_traffic_limiter "limiter"
Info: rst_controller: "Decoder" instantiated altera_reset_controller "rst_controller"
Info: cmd_xbar_demux: "Decoder" instantiated altera_merlin_demultiplexer "cmd_xbar_demux"
Info: cmd_xbar_demux_001: "Decoder" instantiated altera_merlin_demultiplexer "cmd_xbar_demux_001"
Info: cmd_xbar_mux: "Decoder" instantiated altera_merlin_multiplexer "cmd_xbar_mux"
Info: rsp_xbar_demux: "Decoder" instantiated altera_merlin_demultiplexer "rsp_xbar_demux"
Info: rsp_xbar_demux_002: "Decoder" instantiated altera_merlin_demultiplexer "rsp_xbar_demux_002"
Info: rsp_xbar_mux: "Decoder" instantiated altera_merlin_multiplexer "rsp_xbar_mux"
Info: Reusing file E:/Semester_06/CO503_Advanced_Embedded_Systems/Practicals/Practical_2_Processor_Customizations/CustomProcessor/Decoder/synthesis/submodules/altera_merlin_arbitrator.sv
Info: rsp_xbar_mux_001: "Decoder" instantiated altera_merlin_multiplexer "rsp_xbar_mux_001"
Info: Reusing file E:/Semester_06/CO503_Advanced_Embedded_Systems/Practicals/Practical_2_Processor_Customizations/CustomProcessor/Decoder/synthesis/submodules/altera_merlin_arbitrator.sv
Info: cmd_xbar_demux_002: "Decoder" instantiated altera_merlin_demultiplexer "cmd_xbar_demux_002"
Info: rsp_xbar_demux_006: "Decoder" instantiated altera_merlin_demultiplexer "rsp_xbar_demux_006"
Info: rsp_xbar_mux_002: "Decoder" instantiated altera_merlin_multiplexer "rsp_xbar_mux_002"
Info: Reusing file E:/Semester_06/CO503_Advanced_Embedded_Systems/Practicals/Practical_2_Processor_Customizations/CustomProcessor/Decoder/synthesis/submodules/altera_merlin_arbitrator.sv
Info: crosser: "Decoder" instantiated altera_avalon_st_handshake_clock_crosser "crosser"
Info: Reusing file E:/Semester_06/CO503_Advanced_Embedded_Systems/Practicals/Practical_2_Processor_Customizations/CustomProcessor/Decoder/synthesis/submodules/altera_avalon_st_pipeline_base.v
Info: irq_mapper: "Decoder" instantiated altera_irq_mapper "irq_mapper"
Info: irq_synchronizer: "Decoder" instantiated altera_irq_clock_crosser "irq_synchronizer"
Info: Decoder: Done Decoder" with 40 modules, 132 files, 2160035 bytes
Info: ip-generate succeeded.
Info: Finished: Create HDL design files for synthesis
